<?xml version="1.0" encoding="UTF-8"?>
<coverage generated="1525044206728" clover="3.2.0">
  <project timestamp="1525044206728" name="All files">
    <metrics statements="135" coveredstatements="130" conditionals="45" coveredconditionals="32" methods="65" coveredmethods="60" elements="245" coveredelements="222" complexity="0" loc="135" ncloc="135" packages="11" files="24" classes="24">
      <package name="__tests__">
        <metrics statements="1" coveredstatements="1" conditionals="0" coveredconditionals="0" methods="0" coveredmethods="0"/>
        <file name="setup.js" path="/Users/wrlc/dev/playground/reactNative/goNative/desafio4/__tests__/setup.js">
          <metrics statements="1" coveredstatements="1" conditionals="0" coveredconditionals="0" methods="0" coveredmethods="0"/>
          <line num="4" count="12" type="stmt"/>
        </file>
      </package>
      <package name="src.pages.cart">
        <metrics statements="8" coveredstatements="7" conditionals="0" coveredconditionals="0" methods="6" coveredmethods="5"/>
        <file name="index.js" path="/Users/wrlc/dev/playground/reactNative/goNative/desafio4/src/pages/cart/index.js">
          <metrics statements="7" coveredstatements="6" conditionals="0" coveredconditionals="0" methods="6" coveredmethods="5"/>
          <line num="14" count="0" type="stmt"/>
          <line num="29" count="6" type="stmt"/>
          <line num="31" count="6" type="stmt"/>
          <line num="37" count="1" type="stmt"/>
          <line num="38" count="1" type="stmt"/>
          <line num="51" count="2" type="stmt"/>
          <line num="53" count="4" type="stmt"/>
        </file>
        <file name="styles.js" path="/Users/wrlc/dev/playground/reactNative/goNative/desafio4/src/pages/cart/styles.js">
          <metrics statements="1" coveredstatements="1" conditionals="0" coveredconditionals="0" methods="0" coveredmethods="0"/>
          <line num="4" count="1" type="stmt"/>
        </file>
      </package>
      <package name="src.pages.cart.components.CartItem">
        <metrics statements="14" coveredstatements="14" conditionals="4" coveredconditionals="4" methods="6" coveredmethods="6"/>
        <file name="index.js" path="/Users/wrlc/dev/playground/reactNative/goNative/desafio4/src/pages/cart/components/CartItem/index.js">
          <metrics statements="13" coveredstatements="13" conditionals="4" coveredconditionals="4" methods="6" coveredmethods="6"/>
          <line num="29" count="11" type="stmt"/>
          <line num="33" count="2" type="stmt"/>
          <line num="35" count="2" type="cond" truecount="4" falsecount="0"/>
          <line num="36" count="1" type="stmt"/>
          <line num="37" count="1" type="stmt"/>
          <line num="39" count="1" type="stmt"/>
          <line num="40" count="1" type="stmt"/>
          <line num="45" count="13" type="stmt"/>
          <line num="46" count="13" type="stmt"/>
          <line num="57" count="2" type="stmt"/>
          <line num="60" count="1" type="stmt"/>
          <line num="69" count="2" type="stmt"/>
          <line num="70" count="5" type="stmt"/>
        </file>
        <file name="styles.js" path="/Users/wrlc/dev/playground/reactNative/goNative/desafio4/src/pages/cart/components/CartItem/styles.js">
          <metrics statements="1" coveredstatements="1" conditionals="0" coveredconditionals="0" methods="0" coveredmethods="0"/>
          <line num="4" count="2" type="stmt"/>
        </file>
      </package>
      <package name="src.pages.home">
        <metrics statements="15" coveredstatements="12" conditionals="4" coveredconditionals="4" methods="10" coveredmethods="7"/>
        <file name="index.js" path="/Users/wrlc/dev/playground/reactNative/goNative/desafio4/src/pages/home/index.js">
          <metrics statements="14" coveredstatements="11" conditionals="4" coveredconditionals="4" methods="10" coveredmethods="7"/>
          <line num="19" count="0" type="stmt"/>
          <line num="53" count="11" type="stmt"/>
          <line num="57" count="1" type="stmt"/>
          <line num="58" count="1" type="stmt"/>
          <line num="62" count="11" type="stmt"/>
          <line num="63" count="11" type="stmt"/>
          <line num="65" count="11" type="stmt"/>
          <line num="77" count="1" type="stmt"/>
          <line num="78" count="0" type="stmt"/>
          <line num="89" count="1" type="stmt"/>
          <line num="90" count="0" type="stmt"/>
          <line num="100" count="3" type="stmt"/>
          <line num="105" count="1" type="stmt"/>
          <line num="106" count="3" type="stmt"/>
        </file>
        <file name="styles.js" path="/Users/wrlc/dev/playground/reactNative/goNative/desafio4/src/pages/home/styles.js">
          <metrics statements="1" coveredstatements="1" conditionals="0" coveredconditionals="0" methods="0" coveredmethods="0"/>
          <line num="4" count="1" type="stmt"/>
        </file>
      </package>
      <package name="src.pages.home.components.CategoryItems">
        <metrics statements="5" coveredstatements="5" conditionals="4" coveredconditionals="2" methods="2" coveredmethods="2"/>
        <file name="index.js" path="/Users/wrlc/dev/playground/reactNative/goNative/desafio4/src/pages/home/components/CategoryItems/index.js">
          <metrics statements="4" coveredstatements="4" conditionals="4" coveredconditionals="2" methods="2" coveredmethods="2"/>
          <line num="7" count="2" type="stmt"/>
          <line num="8" count="2" type="stmt"/>
          <line num="9" count="1" type="stmt"/>
          <line num="19" count="2" type="stmt"/>
        </file>
        <file name="styles.js" path="/Users/wrlc/dev/playground/reactNative/goNative/desafio4/src/pages/home/components/CategoryItems/styles.js">
          <metrics statements="1" coveredstatements="1" conditionals="0" coveredconditionals="0" methods="0" coveredmethods="0"/>
          <line num="4" count="2" type="stmt"/>
        </file>
      </package>
      <package name="src.pages.home.components.ProductItem">
        <metrics statements="4" coveredstatements="4" conditionals="0" coveredconditionals="0" methods="2" coveredmethods="2"/>
        <file name="index.js" path="/Users/wrlc/dev/playground/reactNative/goNative/desafio4/src/pages/home/components/ProductItem/index.js">
          <metrics statements="3" coveredstatements="3" conditionals="0" coveredconditionals="0" methods="2" coveredmethods="2"/>
          <line num="7" count="2" type="stmt"/>
          <line num="8" count="2" type="stmt"/>
          <line num="18" count="2" type="stmt"/>
        </file>
        <file name="styles.js" path="/Users/wrlc/dev/playground/reactNative/goNative/desafio4/src/pages/home/components/ProductItem/styles.js">
          <metrics statements="1" coveredstatements="1" conditionals="0" coveredconditionals="0" methods="0" coveredmethods="0"/>
          <line num="4" count="2" type="stmt"/>
        </file>
      </package>
      <package name="src.pages.productDetail">
        <metrics statements="10" coveredstatements="9" conditionals="0" coveredconditionals="0" methods="6" coveredmethods="5"/>
        <file name="index.js" path="/Users/wrlc/dev/playground/reactNative/goNative/desafio4/src/pages/productDetail/index.js">
          <metrics statements="9" coveredstatements="8" conditionals="0" coveredconditionals="0" methods="6" coveredmethods="5"/>
          <line num="35" count="0" type="stmt"/>
          <line num="39" count="1" type="stmt"/>
          <line num="40" count="1" type="stmt"/>
          <line num="44" count="8" type="stmt"/>
          <line num="45" count="8" type="stmt"/>
          <line num="60" count="1" type="stmt"/>
          <line num="71" count="3" type="stmt"/>
          <line num="75" count="1" type="stmt"/>
          <line num="76" count="3" type="stmt"/>
        </file>
        <file name="styles.js" path="/Users/wrlc/dev/playground/reactNative/goNative/desafio4/src/pages/productDetail/styles.js">
          <metrics statements="1" coveredstatements="1" conditionals="0" coveredconditionals="0" methods="0" coveredmethods="0"/>
          <line num="4" count="1" type="stmt"/>
        </file>
      </package>
      <package name="src.services">
        <metrics statements="1" coveredstatements="1" conditionals="0" coveredconditionals="0" methods="0" coveredmethods="0"/>
        <file name="api.js" path="/Users/wrlc/dev/playground/reactNative/goNative/desafio4/src/services/api.js">
          <metrics statements="1" coveredstatements="1" conditionals="0" coveredconditionals="0" methods="0" coveredmethods="0"/>
          <line num="3" count="3" type="stmt"/>
        </file>
      </package>
      <package name="src.store.ducks">
        <metrics statements="41" coveredstatements="41" conditionals="20" coveredconditionals="14" methods="18" coveredmethods="18"/>
        <file name="cart.js" path="/Users/wrlc/dev/playground/reactNative/goNative/desafio4/src/store/ducks/cart.js">
          <metrics statements="12" coveredstatements="12" conditionals="5" coveredconditionals="3" methods="6" coveredmethods="6"/>
          <line num="1" count="7" type="stmt"/>
          <line num="9" count="7" type="stmt"/>
          <line num="16" count="26" type="cond" truecount="3" falsecount="0"/>
          <line num="18" count="5" type="stmt"/>
          <line num="20" count="4" type="stmt"/>
          <line num="22" count="17" type="stmt"/>
          <line num="26" count="7" type="stmt"/>
          <line num="28" count="5" type="stmt"/>
          <line num="33" count="13" type="stmt"/>
          <line num="38" count="10" type="stmt"/>
          <line num="43" count="4" type="stmt"/>
          <line num="48" count="6" type="stmt"/>
        </file>
        <file name="categories.js" path="/Users/wrlc/dev/playground/reactNative/goNative/desafio4/src/store/ducks/categories.js">
          <metrics statements="16" coveredstatements="16" conditionals="8" coveredconditionals="6" methods="7" coveredmethods="7"/>
          <line num="1" count="5" type="stmt"/>
          <line num="10" count="5" type="stmt"/>
          <line num="18" count="21" type="cond" truecount="6" falsecount="0"/>
          <line num="20" count="3" type="stmt"/>
          <line num="22" count="2" type="stmt"/>
          <line num="24" count="2" type="stmt"/>
          <line num="26" count="3" type="stmt"/>
          <line num="28" count="1" type="stmt"/>
          <line num="30" count="10" type="stmt"/>
          <line num="34" count="5" type="stmt"/>
          <line num="35" count="15" type="stmt"/>
          <line num="39" count="10" type="stmt"/>
          <line num="44" count="5" type="stmt"/>
          <line num="49" count="11" type="stmt"/>
          <line num="54" count="7" type="stmt"/>
          <line num="58" count="1" type="stmt"/>
        </file>
        <file name="products.js" path="/Users/wrlc/dev/playground/reactNative/goNative/desafio4/src/store/ducks/products.js">
          <metrics statements="13" coveredstatements="13" conditionals="7" coveredconditionals="5" methods="5" coveredmethods="5"/>
          <line num="1" count="5" type="stmt"/>
          <line num="8" count="5" type="stmt"/>
          <line num="16" count="13" type="cond" truecount="5" falsecount="0"/>
          <line num="18" count="3" type="stmt"/>
          <line num="20" count="2" type="stmt"/>
          <line num="22" count="2" type="stmt"/>
          <line num="24" count="1" type="stmt"/>
          <line num="26" count="5" type="stmt"/>
          <line num="30" count="5" type="stmt"/>
          <line num="31" count="5" type="stmt"/>
          <line num="35" count="4" type="stmt"/>
          <line num="40" count="6" type="stmt"/>
          <line num="45" count="3" type="stmt"/>
        </file>
      </package>
      <package name="src.store.sagas">
        <metrics statements="35" coveredstatements="35" conditionals="9" coveredconditionals="6" methods="15" coveredmethods="15"/>
        <file name="cart.js" path="/Users/wrlc/dev/playground/reactNative/goNative/desafio4/src/store/sagas/cart.js">
          <metrics statements="20" coveredstatements="20" conditionals="4" coveredconditionals="3" methods="9" coveredmethods="9"/>
          <line num="6" count="3" type="stmt"/>
          <line num="7" count="3" type="stmt"/>
          <line num="8" count="3" type="cond" truecount="1" falsecount="1"/>
          <line num="9" count="2" type="cond" truecount="2" falsecount="0"/>
          <line num="10" count="1" type="stmt"/>
          <line num="11" count="1" type="stmt"/>
          <line num="13" count="1" type="stmt"/>
          <line num="15" count="2" type="stmt"/>
          <line num="17" count="1" type="stmt"/>
          <line num="22" count="2" type="stmt"/>
          <line num="23" count="2" type="stmt"/>
          <line num="24" count="2" type="stmt"/>
          <line num="25" count="1" type="stmt"/>
          <line num="27" count="1" type="stmt"/>
          <line num="32" count="2" type="stmt"/>
          <line num="33" count="2" type="stmt"/>
          <line num="34" count="2" type="stmt"/>
          <line num="35" count="1" type="stmt"/>
          <line num="36" count="1" type="stmt"/>
          <line num="38" count="1" type="stmt"/>
        </file>
        <file name="categories.js" path="/Users/wrlc/dev/playground/reactNative/goNative/desafio4/src/store/sagas/categories.js">
          <metrics statements="8" coveredstatements="8" conditionals="5" coveredconditionals="3" methods="3" coveredmethods="3"/>
          <line num="7" count="2" type="stmt"/>
          <line num="8" count="2" type="stmt"/>
          <line num="9" count="1" type="stmt"/>
          <line num="10" count="1" type="stmt"/>
          <line num="12" count="1" type="cond" truecount="3" falsecount="2"/>
          <line num="13" count="1" type="stmt"/>
          <line num="16" count="1" type="stmt"/>
          <line num="21" count="2" type="stmt"/>
        </file>
        <file name="index.js" path="/Users/wrlc/dev/playground/reactNative/goNative/desafio4/src/store/sagas/index.js">
          <metrics statements="1" coveredstatements="1" conditionals="0" coveredconditionals="0" methods="1" coveredmethods="1"/>
          <line num="11" count="11" type="stmt"/>
        </file>
        <file name="products.js" path="/Users/wrlc/dev/playground/reactNative/goNative/desafio4/src/store/sagas/products.js">
          <metrics statements="6" coveredstatements="6" conditionals="0" coveredconditionals="0" methods="2" coveredmethods="2"/>
          <line num="7" count="4" type="stmt"/>
          <line num="8" count="4" type="stmt"/>
          <line num="9" count="4" type="stmt"/>
          <line num="10" count="2" type="stmt"/>
          <line num="11" count="1" type="stmt"/>
          <line num="13" count="3" type="stmt"/>
        </file>
      </package>
      <package name="src.styles">
        <metrics statements="1" coveredstatements="1" conditionals="4" coveredconditionals="2" methods="0" coveredmethods="0"/>
        <file name="colors.js" path="/Users/wrlc/dev/playground/reactNative/goNative/desafio4/src/styles/colors.js">
          <metrics statements="0" coveredstatements="0" conditionals="0" coveredconditionals="0" methods="0" coveredmethods="0"/>
        </file>
        <file name="index.js" path="/Users/wrlc/dev/playground/reactNative/goNative/desafio4/src/styles/index.js">
          <metrics statements="0" coveredstatements="0" conditionals="0" coveredconditionals="0" methods="0" coveredmethods="0"/>
        </file>
        <file name="metrics.js" path="/Users/wrlc/dev/playground/reactNative/goNative/desafio4/src/styles/metrics.js">
          <metrics statements="1" coveredstatements="1" conditionals="4" coveredconditionals="2" methods="0" coveredmethods="0"/>
          <line num="3" count="6" type="stmt"/>
        </file>
      </package>
    </metrics>
  </project>
</coverage>
