{"/Users/wrlc/dev/playground/reactNative/goNative/desafio4/__tests__/setup.js": {"path":"/Users/wrlc/dev/playground/reactNative/goNative/desafio4/__tests__/setup.js","statementMap":{"0":{"start":{"line":4,"column":0},"end":{"line":4,"column":45}}},"fnMap":{},"branchMap":{},"s":{"0":12},"f":{},"b":{},"_coverageSchema":"332fd63041d2c1bcb487cc26dd0d5f7d97098a6c","hash":"d9e271c0c4acf05876af38f0e5dddd07c1437844"}
,"/Users/wrlc/dev/playground/reactNative/goNative/desafio4/src/pages/cart/index.js": {"path":"/Users/wrlc/dev/playground/reactNative/goNative/desafio4/src/pages/cart/index.js","statementMap":{"0":{"start":{"line":14,"column":35},"end":{"line":14,"column":92}},"1":{"start":{"line":29,"column":29},"end":{"line":29,"column":39}},"2":{"start":{"line":31,"column":4},"end":{"line":47,"column":6}},"3":{"start":{"line":37,"column":32},"end":{"line":37,"column":47}},"4":{"start":{"line":38,"column":36},"end":{"line":38,"column":63}},"5":{"start":{"line":51,"column":24},"end":{"line":54,"column":2}},"6":{"start":{"line":51,"column":34},"end":{"line":54,"column":1}},"7":{"start":{"line":53,"column":48},"end":{"line":53,"column":77}}},"fnMap":{"0":{"name":"(anonymous_0)","decl":{"start":{"line":14,"column":16},"end":{"line":14,"column":17}},"loc":{"start":{"line":14,"column":35},"end":{"line":14,"column":92}},"line":14},"1":{"name":"(anonymous_1)","decl":{"start":{"line":28,"column":2},"end":{"line":28,"column":3}},"loc":{"start":{"line":28,"column":11},"end":{"line":48,"column":3}},"line":28},"2":{"name":"(anonymous_2)","decl":{"start":{"line":37,"column":24},"end":{"line":37,"column":25}},"loc":{"start":{"line":37,"column":32},"end":{"line":37,"column":47}},"line":37},"3":{"name":"(anonymous_3)","decl":{"start":{"line":38,"column":22},"end":{"line":38,"column":23}},"loc":{"start":{"line":38,"column":36},"end":{"line":38,"column":63}},"line":38},"4":{"name":"(anonymous_4)","decl":{"start":{"line":51,"column":24},"end":{"line":51,"column":25}},"loc":{"start":{"line":51,"column":34},"end":{"line":54,"column":1}},"line":51},"5":{"name":"(anonymous_5)","decl":{"start":{"line":53,"column":33},"end":{"line":53,"column":34}},"loc":{"start":{"line":53,"column":48},"end":{"line":53,"column":77}},"line":53}},"branchMap":{},"s":{"0":0,"1":6,"2":6,"3":1,"4":1,"5":1,"6":2,"7":4},"f":{"0":0,"1":6,"2":1,"3":1,"4":2,"5":4},"b":{},"_coverageSchema":"332fd63041d2c1bcb487cc26dd0d5f7d97098a6c","hash":"f62c20a65b0b1092242523da6f0bc7f3c19a0893"}
,"/Users/wrlc/dev/playground/reactNative/goNative/desafio4/src/pages/cart/styles.js": {"path":"/Users/wrlc/dev/playground/reactNative/goNative/desafio4/src/pages/cart/styles.js","statementMap":{"0":{"start":{"line":4,"column":15},"end":{"line":36,"column":2}}},"fnMap":{},"branchMap":{},"s":{"0":1},"f":{},"b":{},"_coverageSchema":"332fd63041d2c1bcb487cc26dd0d5f7d97098a6c","hash":"29e56e978a2dc5aeb3f310b51245b7a377d28120"}
,"/Users/wrlc/dev/playground/reactNative/goNative/desafio4/src/pages/cart/components/CartItem/index.js": {"path":"/Users/wrlc/dev/playground/reactNative/goNative/desafio4/src/pages/cart/components/CartItem/index.js","statementMap":{"0":{"start":{"line":29,"column":4},"end":{"line":29,"column":51}},"1":{"start":{"line":33,"column":25},"end":{"line":33,"column":40}},"2":{"start":{"line":35,"column":4},"end":{"line":41,"column":5}},"3":{"start":{"line":36,"column":6},"end":{"line":36,"column":50}},"4":{"start":{"line":37,"column":6},"end":{"line":37,"column":43}},"5":{"start":{"line":39,"column":6},"end":{"line":39,"column":32}},"6":{"start":{"line":40,"column":6},"end":{"line":40,"column":39}},"7":{"start":{"line":45,"column":40},"end":{"line":45,"column":50}},"8":{"start":{"line":46,"column":4},"end":{"line":65,"column":6}},"9":{"start":{"line":57,"column":34},"end":{"line":57,"column":69}},"10":{"start":{"line":60,"column":71},"end":{"line":60,"column":94}},"11":{"start":{"line":69,"column":27},"end":{"line":70,"column":43}},"12":{"start":{"line":70,"column":2},"end":{"line":70,"column":43}}},"fnMap":{"0":{"name":"(anonymous_0)","decl":{"start":{"line":28,"column":2},"end":{"line":28,"column":3}},"loc":{"start":{"line":28,"column":23},"end":{"line":30,"column":3}},"line":28},"1":{"name":"(anonymous_1)","decl":{"start":{"line":32,"column":2},"end":{"line":32,"column":3}},"loc":{"start":{"line":32,"column":32},"end":{"line":42,"column":3}},"line":32},"2":{"name":"(anonymous_2)","decl":{"start":{"line":44,"column":2},"end":{"line":44,"column":3}},"loc":{"start":{"line":44,"column":11},"end":{"line":66,"column":3}},"line":44},"3":{"name":"(anonymous_3)","decl":{"start":{"line":57,"column":26},"end":{"line":57,"column":27}},"loc":{"start":{"line":57,"column":34},"end":{"line":57,"column":69}},"line":57},"4":{"name":"(anonymous_4)","decl":{"start":{"line":60,"column":65},"end":{"line":60,"column":66}},"loc":{"start":{"line":60,"column":71},"end":{"line":60,"column":94}},"line":60},"5":{"name":"(anonymous_5)","decl":{"start":{"line":69,"column":27},"end":{"line":69,"column":28}},"loc":{"start":{"line":70,"column":2},"end":{"line":70,"column":43}},"line":70}},"branchMap":{"0":{"loc":{"start":{"line":35,"column":4},"end":{"line":41,"column":5}},"type":"if","locations":[{"start":{"line":35,"column":4},"end":{"line":41,"column":5}},{"start":{"line":35,"column":4},"end":{"line":41,"column":5}}],"line":35},"1":{"loc":{"start":{"line":35,"column":8},"end":{"line":35,"column":58}},"type":"binary-expr","locations":[{"start":{"line":35,"column":8},"end":{"line":35,"column":25}},{"start":{"line":35,"column":30},"end":{"line":35,"column":57}}],"line":35}},"s":{"0":11,"1":2,"2":2,"3":1,"4":1,"5":1,"6":1,"7":13,"8":13,"9":2,"10":1,"11":2,"12":5},"f":{"0":11,"1":2,"2":13,"3":2,"4":1,"5":5},"b":{"0":[1,1],"1":[2,1]},"_coverageSchema":"332fd63041d2c1bcb487cc26dd0d5f7d97098a6c","hash":"030d19980b27d1d87dcd2fc6af66ed248fcab59a"}
,"/Users/wrlc/dev/playground/reactNative/goNative/desafio4/src/pages/cart/components/CartItem/styles.js": {"path":"/Users/wrlc/dev/playground/reactNative/goNative/desafio4/src/pages/cart/components/CartItem/styles.js","statementMap":{"0":{"start":{"line":4,"column":15},"end":{"line":66,"column":2}}},"fnMap":{},"branchMap":{},"s":{"0":2},"f":{},"b":{},"_coverageSchema":"332fd63041d2c1bcb487cc26dd0d5f7d97098a6c","hash":"019b6cc070e4270c50f09183a7346b3a3b18f1d7"}
,"/Users/wrlc/dev/playground/reactNative/goNative/desafio4/src/pages/home/index.js": {"path":"/Users/wrlc/dev/playground/reactNative/goNative/desafio4/src/pages/home/index.js","statementMap":{"0":{"start":{"line":19,"column":35},"end":{"line":19,"column":83}},"1":{"start":{"line":53,"column":4},"end":{"line":53,"column":38}},"2":{"start":{"line":57,"column":4},"end":{"line":57,"column":49}},"3":{"start":{"line":58,"column":4},"end":{"line":58,"column":52}},"4":{"start":{"line":62,"column":64},"end":{"line":62,"column":85}},"5":{"start":{"line":63,"column":47},"end":{"line":63,"column":66}},"6":{"start":{"line":65,"column":4},"end":{"line":96,"column":6}},"7":{"start":{"line":77,"column":33},"end":{"line":77,"column":47}},"8":{"start":{"line":78,"column":38},"end":{"line":78,"column":146}},"9":{"start":{"line":89,"column":37},"end":{"line":89,"column":55}},"10":{"start":{"line":90,"column":38},"end":{"line":90,"column":111}},"11":{"start":{"line":100,"column":24},"end":{"line":103,"column":2}},"12":{"start":{"line":100,"column":34},"end":{"line":103,"column":1}},"13":{"start":{"line":105,"column":27},"end":{"line":106,"column":76}},"14":{"start":{"line":106,"column":2},"end":{"line":106,"column":76}}},"fnMap":{"0":{"name":"(anonymous_0)","decl":{"start":{"line":19,"column":16},"end":{"line":19,"column":17}},"loc":{"start":{"line":19,"column":35},"end":{"line":19,"column":83}},"line":19},"1":{"name":"(anonymous_1)","decl":{"start":{"line":52,"column":22},"end":{"line":52,"column":23}},"loc":{"start":{"line":52,"column":28},"end":{"line":54,"column":3}},"line":52},"2":{"name":"(anonymous_2)","decl":{"start":{"line":56,"column":22},"end":{"line":56,"column":23}},"loc":{"start":{"line":56,"column":41},"end":{"line":59,"column":3}},"line":56},"3":{"name":"(anonymous_3)","decl":{"start":{"line":61,"column":2},"end":{"line":61,"column":3}},"loc":{"start":{"line":61,"column":11},"end":{"line":97,"column":3}},"line":61},"4":{"name":"(anonymous_4)","decl":{"start":{"line":77,"column":26},"end":{"line":77,"column":27}},"loc":{"start":{"line":77,"column":33},"end":{"line":77,"column":47}},"line":77},"5":{"name":"(anonymous_5)","decl":{"start":{"line":78,"column":24},"end":{"line":78,"column":25}},"loc":{"start":{"line":78,"column":38},"end":{"line":78,"column":146}},"line":78},"6":{"name":"(anonymous_6)","decl":{"start":{"line":89,"column":26},"end":{"line":89,"column":27}},"loc":{"start":{"line":89,"column":37},"end":{"line":89,"column":55}},"line":89},"7":{"name":"(anonymous_7)","decl":{"start":{"line":90,"column":24},"end":{"line":90,"column":25}},"loc":{"start":{"line":90,"column":38},"end":{"line":90,"column":111}},"line":90},"8":{"name":"(anonymous_8)","decl":{"start":{"line":100,"column":24},"end":{"line":100,"column":25}},"loc":{"start":{"line":100,"column":34},"end":{"line":103,"column":1}},"line":100},"9":{"name":"(anonymous_9)","decl":{"start":{"line":105,"column":27},"end":{"line":105,"column":28}},"loc":{"start":{"line":106,"column":2},"end":{"line":106,"column":76}},"line":106}},"branchMap":{"0":{"loc":{"start":{"line":68,"column":9},"end":{"line":80,"column":12}},"type":"cond-expr","locations":[{"start":{"line":69,"column":12},"end":{"line":69,"column":85}},{"start":{"line":70,"column":12},"end":{"line":80,"column":12}}],"line":68},"1":{"loc":{"start":{"line":83,"column":9},"end":{"line":92,"column":12}},"type":"cond-expr","locations":[{"start":{"line":84,"column":12},"end":{"line":84,"column":89}},{"start":{"line":85,"column":12},"end":{"line":92,"column":12}}],"line":83}},"s":{"0":0,"1":11,"2":1,"3":1,"4":11,"5":11,"6":11,"7":1,"8":0,"9":1,"10":0,"11":1,"12":3,"13":1,"14":3},"f":{"0":0,"1":11,"2":1,"3":11,"4":1,"5":0,"6":1,"7":0,"8":3,"9":3},"b":{"0":[3,8],"1":[3,8]},"_coverageSchema":"332fd63041d2c1bcb487cc26dd0d5f7d97098a6c","hash":"db1909f2fc494f64a584ac1eeb2163bf01329795"}
,"/Users/wrlc/dev/playground/reactNative/goNative/desafio4/src/pages/home/styles.js": {"path":"/Users/wrlc/dev/playground/reactNative/goNative/desafio4/src/pages/home/styles.js","statementMap":{"0":{"start":{"line":4,"column":15},"end":{"line":30,"column":2}}},"fnMap":{},"branchMap":{},"s":{"0":1},"f":{},"b":{},"_coverageSchema":"332fd63041d2c1bcb487cc26dd0d5f7d97098a6c","hash":"eb40721ed610b47b8c21dbdb5dacfd538e3f1f53"}
,"/Users/wrlc/dev/playground/reactNative/goNative/desafio4/src/pages/home/components/CategoryItems/index.js": {"path":"/Users/wrlc/dev/playground/reactNative/goNative/desafio4/src/pages/home/components/CategoryItems/index.js","statementMap":{"0":{"start":{"line":7,"column":21},"end":{"line":17,"column":1}},"1":{"start":{"line":8,"column":2},"end":{"line":16,"column":21}},"2":{"start":{"line":9,"column":19},"end":{"line":9,"column":39}},"3":{"start":{"line":19,"column":0},"end":{"line":28,"column":2}}},"fnMap":{"0":{"name":"(anonymous_0)","decl":{"start":{"line":7,"column":21},"end":{"line":7,"column":22}},"loc":{"start":{"line":8,"column":2},"end":{"line":16,"column":21}},"line":8},"1":{"name":"(anonymous_1)","decl":{"start":{"line":9,"column":13},"end":{"line":9,"column":14}},"loc":{"start":{"line":9,"column":19},"end":{"line":9,"column":39}},"line":9}},"branchMap":{"0":{"loc":{"start":{"line":10,"column":30},"end":{"line":10,"column":87}},"type":"cond-expr","locations":[{"start":{"line":10,"column":64},"end":{"line":10,"column":80}},{"start":{"line":10,"column":83},"end":{"line":10,"column":87}}],"line":10},"1":{"loc":{"start":{"line":13,"column":30},"end":{"line":13,"column":91}},"type":"cond-expr","locations":[{"start":{"line":13,"column":64},"end":{"line":13,"column":84}},{"start":{"line":13,"column":87},"end":{"line":13,"column":91}}],"line":13}},"s":{"0":2,"1":2,"2":1,"3":2},"f":{"0":2,"1":1},"b":{"0":[2,0],"1":[2,0]},"_coverageSchema":"332fd63041d2c1bcb487cc26dd0d5f7d97098a6c","hash":"39ea30f549cbe389aab9408485f5f9058555d245"}
,"/Users/wrlc/dev/playground/reactNative/goNative/desafio4/src/pages/home/components/CategoryItems/styles.js": {"path":"/Users/wrlc/dev/playground/reactNative/goNative/desafio4/src/pages/home/components/CategoryItems/styles.js","statementMap":{"0":{"start":{"line":4,"column":15},"end":{"line":33,"column":2}}},"fnMap":{},"branchMap":{},"s":{"0":2},"f":{},"b":{},"_coverageSchema":"332fd63041d2c1bcb487cc26dd0d5f7d97098a6c","hash":"6c328f7ddcb80b8da1ee9644eb3feb3c5a5c187d"}
,"/Users/wrlc/dev/playground/reactNative/goNative/desafio4/src/pages/home/components/ProductItem/index.js": {"path":"/Users/wrlc/dev/playground/reactNative/goNative/desafio4/src/pages/home/components/ProductItem/index.js","statementMap":{"0":{"start":{"line":7,"column":20},"end":{"line":16,"column":1}},"1":{"start":{"line":8,"column":2},"end":{"line":15,"column":21}},"2":{"start":{"line":8,"column":35},"end":{"line":8,"column":61}},"3":{"start":{"line":18,"column":0},"end":{"line":26,"column":2}}},"fnMap":{"0":{"name":"(anonymous_0)","decl":{"start":{"line":7,"column":20},"end":{"line":7,"column":21}},"loc":{"start":{"line":8,"column":2},"end":{"line":15,"column":21}},"line":8},"1":{"name":"(anonymous_1)","decl":{"start":{"line":8,"column":29},"end":{"line":8,"column":30}},"loc":{"start":{"line":8,"column":35},"end":{"line":8,"column":61}},"line":8}},"branchMap":{},"s":{"0":2,"1":2,"2":1,"3":2},"f":{"0":2,"1":1},"b":{},"_coverageSchema":"332fd63041d2c1bcb487cc26dd0d5f7d97098a6c","hash":"017374d812e03041d07a19eb66e485e252c0e4bc"}
,"/Users/wrlc/dev/playground/reactNative/goNative/desafio4/src/pages/home/components/ProductItem/styles.js": {"path":"/Users/wrlc/dev/playground/reactNative/goNative/desafio4/src/pages/home/components/ProductItem/styles.js","statementMap":{"0":{"start":{"line":4,"column":15},"end":{"line":37,"column":2}}},"fnMap":{},"branchMap":{},"s":{"0":2},"f":{},"b":{},"_coverageSchema":"332fd63041d2c1bcb487cc26dd0d5f7d97098a6c","hash":"82ecfaff377cec0bcf4c1d8b85c5f42aa8f75713"}
,"/Users/wrlc/dev/playground/reactNative/goNative/desafio4/src/pages/productDetail/index.js": {"path":"/Users/wrlc/dev/playground/reactNative/goNative/desafio4/src/pages/productDetail/index.js","statementMap":{"0":{"start":{"line":35,"column":35},"end":{"line":35,"column":83}},"1":{"start":{"line":39,"column":4},"end":{"line":39,"column":42}},"2":{"start":{"line":40,"column":4},"end":{"line":40,"column":58}},"3":{"start":{"line":44,"column":32},"end":{"line":44,"column":51}},"4":{"start":{"line":45,"column":4},"end":{"line":67,"column":6}},"5":{"start":{"line":60,"column":27},"end":{"line":60,"column":64}},"6":{"start":{"line":71,"column":24},"end":{"line":73,"column":2}},"7":{"start":{"line":71,"column":34},"end":{"line":73,"column":1}},"8":{"start":{"line":75,"column":27},"end":{"line":76,"column":43}},"9":{"start":{"line":76,"column":2},"end":{"line":76,"column":43}}},"fnMap":{"0":{"name":"(anonymous_0)","decl":{"start":{"line":35,"column":16},"end":{"line":35,"column":17}},"loc":{"start":{"line":35,"column":35},"end":{"line":35,"column":83}},"line":35},"1":{"name":"(anonymous_1)","decl":{"start":{"line":38,"column":2},"end":{"line":38,"column":3}},"loc":{"start":{"line":38,"column":35},"end":{"line":41,"column":3}},"line":38},"2":{"name":"(anonymous_2)","decl":{"start":{"line":43,"column":2},"end":{"line":43,"column":3}},"loc":{"start":{"line":43,"column":11},"end":{"line":68,"column":3}},"line":43},"3":{"name":"(anonymous_3)","decl":{"start":{"line":60,"column":21},"end":{"line":60,"column":22}},"loc":{"start":{"line":60,"column":27},"end":{"line":60,"column":64}},"line":60},"4":{"name":"(anonymous_4)","decl":{"start":{"line":71,"column":24},"end":{"line":71,"column":25}},"loc":{"start":{"line":71,"column":34},"end":{"line":73,"column":1}},"line":71},"5":{"name":"(anonymous_5)","decl":{"start":{"line":75,"column":27},"end":{"line":75,"column":28}},"loc":{"start":{"line":76,"column":2},"end":{"line":76,"column":43}},"line":76}},"branchMap":{},"s":{"0":0,"1":1,"2":1,"3":8,"4":8,"5":1,"6":1,"7":3,"8":1,"9":3},"f":{"0":0,"1":1,"2":8,"3":1,"4":3,"5":3},"b":{},"_coverageSchema":"332fd63041d2c1bcb487cc26dd0d5f7d97098a6c","hash":"8b1af3e700c43f6272fe3d93a111e477b6ac8b12"}
,"/Users/wrlc/dev/playground/reactNative/goNative/desafio4/src/pages/productDetail/styles.js": {"path":"/Users/wrlc/dev/playground/reactNative/goNative/desafio4/src/pages/productDetail/styles.js","statementMap":{"0":{"start":{"line":4,"column":15},"end":{"line":58,"column":2}}},"fnMap":{},"branchMap":{},"s":{"0":1},"f":{},"b":{},"_coverageSchema":"332fd63041d2c1bcb487cc26dd0d5f7d97098a6c","hash":"94409f5671c09575affb09e808a62127d10bede6"}
,"/Users/wrlc/dev/playground/reactNative/goNative/desafio4/src/services/api.js": {"path":"/Users/wrlc/dev/playground/reactNative/goNative/desafio4/src/services/api.js","statementMap":{"0":{"start":{"line":3,"column":12},"end":{"line":5,"column":2}}},"fnMap":{},"branchMap":{},"s":{"0":3},"f":{},"b":{},"_coverageSchema":"332fd63041d2c1bcb487cc26dd0d5f7d97098a6c","hash":"ad3cc42e0d619807857d690b72d5e691c2dcf340"}
,"/Users/wrlc/dev/playground/reactNative/goNative/desafio4/src/store/ducks/cart.js": {"path":"/Users/wrlc/dev/playground/reactNative/goNative/desafio4/src/store/ducks/cart.js","statementMap":{"0":{"start":{"line":1,"column":21},"end":{"line":7,"column":1}},"1":{"start":{"line":9,"column":21},"end":{"line":13,"column":1}},"2":{"start":{"line":16,"column":2},"end":{"line":23,"column":3}},"3":{"start":{"line":18,"column":6},"end":{"line":18,"column":75}},"4":{"start":{"line":20,"column":6},"end":{"line":20,"column":55}},"5":{"start":{"line":22,"column":6},"end":{"line":22,"column":19}},"6":{"start":{"line":26,"column":24},"end":{"line":53,"column":1}},"7":{"start":{"line":28,"column":25},"end":{"line":31,"column":3}},"8":{"start":{"line":33,"column":37},"end":{"line":36,"column":3}},"9":{"start":{"line":38,"column":30},"end":{"line":41,"column":3}},"10":{"start":{"line":43,"column":30},"end":{"line":46,"column":3}},"11":{"start":{"line":48,"column":32},"end":{"line":51,"column":3}}},"fnMap":{"0":{"name":"cart","decl":{"start":{"line":15,"column":24},"end":{"line":15,"column":28}},"loc":{"start":{"line":15,"column":64},"end":{"line":24,"column":1}},"line":15},"1":{"name":"(anonymous_1)","decl":{"start":{"line":28,"column":13},"end":{"line":28,"column":14}},"loc":{"start":{"line":28,"column":25},"end":{"line":31,"column":3}},"line":28},"2":{"name":"(anonymous_2)","decl":{"start":{"line":33,"column":20},"end":{"line":33,"column":21}},"loc":{"start":{"line":33,"column":37},"end":{"line":36,"column":3}},"line":33},"3":{"name":"(anonymous_3)","decl":{"start":{"line":38,"column":20},"end":{"line":38,"column":21}},"loc":{"start":{"line":38,"column":30},"end":{"line":41,"column":3}},"line":38},"4":{"name":"(anonymous_4)","decl":{"start":{"line":43,"column":18},"end":{"line":43,"column":19}},"loc":{"start":{"line":43,"column":30},"end":{"line":46,"column":3}},"line":43},"5":{"name":"(anonymous_5)","decl":{"start":{"line":48,"column":13},"end":{"line":48,"column":14}},"loc":{"start":{"line":48,"column":32},"end":{"line":51,"column":3}},"line":48}},"branchMap":{"0":{"loc":{"start":{"line":15,"column":29},"end":{"line":15,"column":49}},"type":"default-arg","locations":[{"start":{"line":15,"column":37},"end":{"line":15,"column":49}}],"line":15},"1":{"loc":{"start":{"line":15,"column":51},"end":{"line":15,"column":62}},"type":"default-arg","locations":[{"start":{"line":15,"column":60},"end":{"line":15,"column":62}}],"line":15},"2":{"loc":{"start":{"line":16,"column":2},"end":{"line":23,"column":3}},"type":"switch","locations":[{"start":{"line":17,"column":4},"end":{"line":18,"column":75}},{"start":{"line":19,"column":4},"end":{"line":20,"column":55}},{"start":{"line":21,"column":4},"end":{"line":22,"column":19}}],"line":16}},"s":{"0":7,"1":7,"2":26,"3":5,"4":4,"5":17,"6":7,"7":5,"8":13,"9":10,"10":4,"11":6},"f":{"0":26,"1":5,"2":13,"3":10,"4":4,"5":6},"b":{"0":[0],"1":[0],"2":[5,4,17]},"_coverageSchema":"332fd63041d2c1bcb487cc26dd0d5f7d97098a6c","hash":"a7338fa45688e65a09ac65f4ae6849a4c97a518f"}
,"/Users/wrlc/dev/playground/reactNative/goNative/desafio4/src/store/ducks/categories.js": {"path":"/Users/wrlc/dev/playground/reactNative/goNative/desafio4/src/store/ducks/categories.js","statementMap":{"0":{"start":{"line":1,"column":21},"end":{"line":8,"column":1}},"1":{"start":{"line":10,"column":21},"end":{"line":15,"column":1}},"2":{"start":{"line":18,"column":2},"end":{"line":31,"column":3}},"3":{"start":{"line":20,"column":6},"end":{"line":20,"column":41}},"4":{"start":{"line":22,"column":6},"end":{"line":22,"column":75}},"5":{"start":{"line":24,"column":6},"end":{"line":24,"column":71}},"6":{"start":{"line":26,"column":6},"end":{"line":26,"column":67}},"7":{"start":{"line":28,"column":6},"end":{"line":28,"column":55}},"8":{"start":{"line":30,"column":6},"end":{"line":30,"column":19}},"9":{"start":{"line":34,"column":24},"end":{"line":63,"column":1}},"10":{"start":{"line":35,"column":31},"end":{"line":37,"column":3}},"11":{"start":{"line":39,"column":33},"end":{"line":42,"column":3}},"12":{"start":{"line":44,"column":34},"end":{"line":47,"column":3}},"13":{"start":{"line":49,"column":34},"end":{"line":52,"column":3}},"14":{"start":{"line":54,"column":29},"end":{"line":56,"column":3}},"15":{"start":{"line":58,"column":32},"end":{"line":61,"column":3}}},"fnMap":{"0":{"name":"categories","decl":{"start":{"line":17,"column":24},"end":{"line":17,"column":34}},"loc":{"start":{"line":17,"column":70},"end":{"line":32,"column":1}},"line":17},"1":{"name":"(anonymous_1)","decl":{"start":{"line":35,"column":24},"end":{"line":35,"column":25}},"loc":{"start":{"line":35,"column":31},"end":{"line":37,"column":3}},"line":35},"2":{"name":"(anonymous_2)","decl":{"start":{"line":39,"column":24},"end":{"line":39,"column":25}},"loc":{"start":{"line":39,"column":33},"end":{"line":42,"column":3}},"line":39},"3":{"name":"(anonymous_3)","decl":{"start":{"line":44,"column":24},"end":{"line":44,"column":25}},"loc":{"start":{"line":44,"column":34},"end":{"line":47,"column":3}},"line":44},"4":{"name":"(anonymous_4)","decl":{"start":{"line":49,"column":21},"end":{"line":49,"column":22}},"loc":{"start":{"line":49,"column":34},"end":{"line":52,"column":3}},"line":49},"5":{"name":"(anonymous_5)","decl":{"start":{"line":54,"column":22},"end":{"line":54,"column":23}},"loc":{"start":{"line":54,"column":29},"end":{"line":56,"column":3}},"line":54},"6":{"name":"(anonymous_6)","decl":{"start":{"line":58,"column":22},"end":{"line":58,"column":23}},"loc":{"start":{"line":58,"column":32},"end":{"line":61,"column":3}},"line":58}},"branchMap":{"0":{"loc":{"start":{"line":17,"column":35},"end":{"line":17,"column":55}},"type":"default-arg","locations":[{"start":{"line":17,"column":43},"end":{"line":17,"column":55}}],"line":17},"1":{"loc":{"start":{"line":17,"column":57},"end":{"line":17,"column":68}},"type":"default-arg","locations":[{"start":{"line":17,"column":66},"end":{"line":17,"column":68}}],"line":17},"2":{"loc":{"start":{"line":18,"column":2},"end":{"line":31,"column":3}},"type":"switch","locations":[{"start":{"line":19,"column":4},"end":{"line":20,"column":41}},{"start":{"line":21,"column":4},"end":{"line":22,"column":75}},{"start":{"line":23,"column":4},"end":{"line":24,"column":71}},{"start":{"line":25,"column":4},"end":{"line":26,"column":67}},{"start":{"line":27,"column":4},"end":{"line":28,"column":55}},{"start":{"line":29,"column":4},"end":{"line":30,"column":19}}],"line":18}},"s":{"0":5,"1":5,"2":21,"3":3,"4":2,"5":2,"6":3,"7":1,"8":10,"9":5,"10":15,"11":10,"12":5,"13":11,"14":7,"15":1},"f":{"0":21,"1":15,"2":10,"3":5,"4":11,"5":7,"6":1},"b":{"0":[0],"1":[0],"2":[3,2,2,3,1,10]},"_coverageSchema":"332fd63041d2c1bcb487cc26dd0d5f7d97098a6c","hash":"f4249e0512194ecdec50ffa312925659e2663215"}
,"/Users/wrlc/dev/playground/reactNative/goNative/desafio4/src/store/ducks/products.js": {"path":"/Users/wrlc/dev/playground/reactNative/goNative/desafio4/src/store/ducks/products.js","statementMap":{"0":{"start":{"line":1,"column":21},"end":{"line":6,"column":1}},"1":{"start":{"line":8,"column":21},"end":{"line":13,"column":1}},"2":{"start":{"line":16,"column":2},"end":{"line":27,"column":3}},"3":{"start":{"line":18,"column":6},"end":{"line":18,"column":41}},"4":{"start":{"line":20,"column":6},"end":{"line":20,"column":90}},"5":{"start":{"line":22,"column":6},"end":{"line":22,"column":71}},"6":{"start":{"line":24,"column":6},"end":{"line":24,"column":67}},"7":{"start":{"line":26,"column":6},"end":{"line":26,"column":19}},"8":{"start":{"line":30,"column":24},"end":{"line":50,"column":1}},"9":{"start":{"line":31,"column":29},"end":{"line":33,"column":3}},"10":{"start":{"line":35,"column":35},"end":{"line":38,"column":3}},"11":{"start":{"line":40,"column":32},"end":{"line":43,"column":3}},"12":{"start":{"line":45,"column":34},"end":{"line":48,"column":3}}},"fnMap":{"0":{"name":"(anonymous_0)","decl":{"start":{"line":15,"column":15},"end":{"line":15,"column":16}},"loc":{"start":{"line":15,"column":60},"end":{"line":28,"column":1}},"line":15},"1":{"name":"(anonymous_1)","decl":{"start":{"line":31,"column":22},"end":{"line":31,"column":23}},"loc":{"start":{"line":31,"column":29},"end":{"line":33,"column":3}},"line":31},"2":{"name":"(anonymous_2)","decl":{"start":{"line":35,"column":22},"end":{"line":35,"column":23}},"loc":{"start":{"line":35,"column":35},"end":{"line":38,"column":3}},"line":35},"3":{"name":"(anonymous_3)","decl":{"start":{"line":40,"column":22},"end":{"line":40,"column":23}},"loc":{"start":{"line":40,"column":32},"end":{"line":43,"column":3}},"line":40},"4":{"name":"(anonymous_4)","decl":{"start":{"line":45,"column":22},"end":{"line":45,"column":23}},"loc":{"start":{"line":45,"column":34},"end":{"line":48,"column":3}},"line":45}},"branchMap":{"0":{"loc":{"start":{"line":15,"column":25},"end":{"line":15,"column":45}},"type":"default-arg","locations":[{"start":{"line":15,"column":33},"end":{"line":15,"column":45}}],"line":15},"1":{"loc":{"start":{"line":15,"column":47},"end":{"line":15,"column":58}},"type":"default-arg","locations":[{"start":{"line":15,"column":56},"end":{"line":15,"column":58}}],"line":15},"2":{"loc":{"start":{"line":16,"column":2},"end":{"line":27,"column":3}},"type":"switch","locations":[{"start":{"line":17,"column":4},"end":{"line":18,"column":41}},{"start":{"line":19,"column":4},"end":{"line":20,"column":90}},{"start":{"line":21,"column":4},"end":{"line":22,"column":71}},{"start":{"line":23,"column":4},"end":{"line":24,"column":67}},{"start":{"line":25,"column":4},"end":{"line":26,"column":19}}],"line":16}},"s":{"0":5,"1":5,"2":13,"3":3,"4":2,"5":2,"6":1,"7":5,"8":5,"9":5,"10":4,"11":6,"12":3},"f":{"0":13,"1":5,"2":4,"3":6,"4":3},"b":{"0":[0],"1":[0],"2":[3,2,2,1,5]},"_coverageSchema":"332fd63041d2c1bcb487cc26dd0d5f7d97098a6c","hash":"585b719340ca1bb882d882b5b05be1bbcdd92e39"}
,"/Users/wrlc/dev/playground/reactNative/goNative/desafio4/src/store/sagas/cart.js": {"path":"/Users/wrlc/dev/playground/reactNative/goNative/desafio4/src/store/sagas/cart.js","statementMap":{"0":{"start":{"line":6,"column":2},"end":{"line":18,"column":3}},"1":{"start":{"line":7,"column":25},"end":{"line":7,"column":64}},"2":{"start":{"line":7,"column":47},"end":{"line":7,"column":63}},"3":{"start":{"line":8,"column":22},"end":{"line":8,"column":96}},"4":{"start":{"line":8,"column":68},"end":{"line":8,"column":90}},"5":{"start":{"line":9,"column":4},"end":{"line":14,"column":5}},"6":{"start":{"line":10,"column":6},"end":{"line":10,"column":22}},"7":{"start":{"line":11,"column":6},"end":{"line":11,"column":33}},"8":{"start":{"line":13,"column":6},"end":{"line":13,"column":39}},"9":{"start":{"line":15,"column":4},"end":{"line":15,"column":58}},"10":{"start":{"line":17,"column":4},"end":{"line":17,"column":85}},"11":{"start":{"line":22,"column":2},"end":{"line":28,"column":3}},"12":{"start":{"line":23,"column":25},"end":{"line":23,"column":64}},"13":{"start":{"line":23,"column":47},"end":{"line":23,"column":63}},"14":{"start":{"line":24,"column":25},"end":{"line":24,"column":76}},"15":{"start":{"line":24,"column":53},"end":{"line":24,"column":75}},"16":{"start":{"line":25,"column":4},"end":{"line":25,"column":58}},"17":{"start":{"line":27,"column":4},"end":{"line":27,"column":83}},"18":{"start":{"line":32,"column":2},"end":{"line":39,"column":3}},"19":{"start":{"line":33,"column":25},"end":{"line":33,"column":64}},"20":{"start":{"line":33,"column":47},"end":{"line":33,"column":63}},"21":{"start":{"line":34,"column":22},"end":{"line":34,"column":76}},"22":{"start":{"line":34,"column":53},"end":{"line":34,"column":75}},"23":{"start":{"line":35,"column":4},"end":{"line":35,"column":38}},"24":{"start":{"line":36,"column":4},"end":{"line":36,"column":58}},"25":{"start":{"line":38,"column":4},"end":{"line":38,"column":74}}},"fnMap":{"0":{"name":"addToCart","decl":{"start":{"line":5,"column":17},"end":{"line":5,"column":26}},"loc":{"start":{"line":5,"column":53},"end":{"line":19,"column":1}},"line":5},"1":{"name":"(anonymous_1)","decl":{"start":{"line":7,"column":38},"end":{"line":7,"column":39}},"loc":{"start":{"line":7,"column":47},"end":{"line":7,"column":63}},"line":7},"2":{"name":"(anonymous_2)","decl":{"start":{"line":8,"column":60},"end":{"line":8,"column":61}},"loc":{"start":{"line":8,"column":68},"end":{"line":8,"column":90}},"line":8},"3":{"name":"removeFromCart","decl":{"start":{"line":21,"column":17},"end":{"line":21,"column":31}},"loc":{"start":{"line":21,"column":58},"end":{"line":29,"column":1}},"line":21},"4":{"name":"(anonymous_4)","decl":{"start":{"line":23,"column":38},"end":{"line":23,"column":39}},"loc":{"start":{"line":23,"column":47},"end":{"line":23,"column":63}},"line":23},"5":{"name":"(anonymous_5)","decl":{"start":{"line":24,"column":45},"end":{"line":24,"column":46}},"loc":{"start":{"line":24,"column":53},"end":{"line":24,"column":75}},"line":24},"6":{"name":"updateQty","decl":{"start":{"line":31,"column":17},"end":{"line":31,"column":26}},"loc":{"start":{"line":31,"column":58},"end":{"line":40,"column":1}},"line":31},"7":{"name":"(anonymous_7)","decl":{"start":{"line":33,"column":38},"end":{"line":33,"column":39}},"loc":{"start":{"line":33,"column":47},"end":{"line":33,"column":63}},"line":33},"8":{"name":"(anonymous_8)","decl":{"start":{"line":34,"column":45},"end":{"line":34,"column":46}},"loc":{"start":{"line":34,"column":53},"end":{"line":34,"column":75}},"line":34}},"branchMap":{"0":{"loc":{"start":{"line":8,"column":22},"end":{"line":8,"column":96}},"type":"cond-expr","locations":[{"start":{"line":8,"column":37},"end":{"line":8,"column":91}},{"start":{"line":8,"column":94},"end":{"line":8,"column":96}}],"line":8},"1":{"loc":{"start":{"line":9,"column":4},"end":{"line":14,"column":5}},"type":"if","locations":[{"start":{"line":9,"column":4},"end":{"line":14,"column":5}},{"start":{"line":9,"column":4},"end":{"line":14,"column":5}}],"line":9}},"s":{"0":3,"1":3,"2":3,"3":3,"4":2,"5":2,"6":1,"7":1,"8":1,"9":2,"10":1,"11":2,"12":2,"13":2,"14":2,"15":2,"16":1,"17":1,"18":2,"19":2,"20":2,"21":2,"22":2,"23":1,"24":1,"25":1},"f":{"0":3,"1":3,"2":2,"3":2,"4":2,"5":2,"6":2,"7":2,"8":2},"b":{"0":[3,0],"1":[1,1]},"_coverageSchema":"332fd63041d2c1bcb487cc26dd0d5f7d97098a6c","hash":"db33e4513ceef3bf26f97c0e149196236611b806"}
,"/Users/wrlc/dev/playground/reactNative/goNative/desafio4/src/store/sagas/categories.js": {"path":"/Users/wrlc/dev/playground/reactNative/goNative/desafio4/src/store/sagas/categories.js","statementMap":{"0":{"start":{"line":7,"column":2},"end":{"line":17,"column":3}},"1":{"start":{"line":8,"column":21},"end":{"line":8,"column":55}},"2":{"start":{"line":9,"column":4},"end":{"line":9,"column":69}},"3":{"start":{"line":10,"column":23},"end":{"line":10,"column":62}},"4":{"start":{"line":10,"column":45},"end":{"line":10,"column":61}},"5":{"start":{"line":12,"column":4},"end":{"line":14,"column":5}},"6":{"start":{"line":13,"column":6},"end":{"line":13,"column":79}},"7":{"start":{"line":16,"column":4},"end":{"line":16,"column":83}},"8":{"start":{"line":21,"column":2},"end":{"line":21,"column":52}}},"fnMap":{"0":{"name":"getCategories","decl":{"start":{"line":6,"column":17},"end":{"line":6,"column":30}},"loc":{"start":{"line":6,"column":33},"end":{"line":18,"column":1}},"line":6},"1":{"name":"(anonymous_1)","decl":{"start":{"line":10,"column":36},"end":{"line":10,"column":37}},"loc":{"start":{"line":10,"column":45},"end":{"line":10,"column":61}},"line":10},"2":{"name":"setCategory","decl":{"start":{"line":20,"column":17},"end":{"line":20,"column":28}},"loc":{"start":{"line":20,"column":31},"end":{"line":22,"column":1}},"line":20}},"branchMap":{"0":{"loc":{"start":{"line":12,"column":4},"end":{"line":14,"column":5}},"type":"if","locations":[{"start":{"line":12,"column":4},"end":{"line":14,"column":5}},{"start":{"line":12,"column":4},"end":{"line":14,"column":5}}],"line":12},"1":{"loc":{"start":{"line":12,"column":8},"end":{"line":12,"column":105}},"type":"binary-expr","locations":[{"start":{"line":12,"column":9},"end":{"line":12,"column":35}},{"start":{"line":12,"column":39},"end":{"line":12,"column":68}},{"start":{"line":12,"column":73},"end":{"line":12,"column":105}}],"line":12}},"s":{"0":2,"1":2,"2":1,"3":1,"4":1,"5":1,"6":1,"7":1,"8":2},"f":{"0":2,"1":1,"2":2},"b":{"0":[1,0],"1":[1,0,1]},"_coverageSchema":"332fd63041d2c1bcb487cc26dd0d5f7d97098a6c","hash":"b60c476cf61df8d188464f8a54d0bdbfc86fb9f2"}
,"/Users/wrlc/dev/playground/reactNative/goNative/desafio4/src/store/sagas/index.js": {"path":"/Users/wrlc/dev/playground/reactNative/goNative/desafio4/src/store/sagas/index.js","statementMap":{"0":{"start":{"line":11,"column":2},"end":{"line":18,"column":5}}},"fnMap":{"0":{"name":"rootSaga","decl":{"start":{"line":10,"column":25},"end":{"line":10,"column":33}},"loc":{"start":{"line":10,"column":36},"end":{"line":19,"column":1}},"line":10}},"branchMap":{},"s":{"0":11},"f":{"0":11},"b":{},"_coverageSchema":"332fd63041d2c1bcb487cc26dd0d5f7d97098a6c","hash":"d5747b8c78f69374afc30ad0a29718b568df92a4"}
,"/Users/wrlc/dev/playground/reactNative/goNative/desafio4/src/store/sagas/products.js": {"path":"/Users/wrlc/dev/playground/reactNative/goNative/desafio4/src/store/sagas/products.js","statementMap":{"0":{"start":{"line":7,"column":2},"end":{"line":14,"column":3}},"1":{"start":{"line":8,"column":4},"end":{"line":8,"column":51}},"2":{"start":{"line":9,"column":18},"end":{"line":9,"column":75}},"3":{"start":{"line":9,"column":40},"end":{"line":9,"column":74}},"4":{"start":{"line":10,"column":21},"end":{"line":10,"column":71}},"5":{"start":{"line":11,"column":4},"end":{"line":11,"column":73}},"6":{"start":{"line":13,"column":4},"end":{"line":13,"column":76}}},"fnMap":{"0":{"name":"getProducts","decl":{"start":{"line":6,"column":17},"end":{"line":6,"column":28}},"loc":{"start":{"line":6,"column":31},"end":{"line":15,"column":1}},"line":6},"1":{"name":"(anonymous_1)","decl":{"start":{"line":9,"column":31},"end":{"line":9,"column":32}},"loc":{"start":{"line":9,"column":40},"end":{"line":9,"column":74}},"line":9}},"branchMap":{},"s":{"0":4,"1":4,"2":4,"3":4,"4":2,"5":1,"6":3},"f":{"0":4,"1":4},"b":{},"_coverageSchema":"332fd63041d2c1bcb487cc26dd0d5f7d97098a6c","hash":"76cde058bd52ccb12595673c94c108658274edbc"}
,"/Users/wrlc/dev/playground/reactNative/goNative/desafio4/src/styles/colors.js": {"path":"/Users/wrlc/dev/playground/reactNative/goNative/desafio4/src/styles/colors.js","statementMap":{},"fnMap":{},"branchMap":{},"s":{},"f":{},"b":{},"_coverageSchema":"332fd63041d2c1bcb487cc26dd0d5f7d97098a6c","hash":"8192642180cb66e550f7b8ac4f34c04a98ee0af5"}
,"/Users/wrlc/dev/playground/reactNative/goNative/desafio4/src/styles/index.js": {"path":"/Users/wrlc/dev/playground/reactNative/goNative/desafio4/src/styles/index.js","statementMap":{},"fnMap":{},"branchMap":{},"s":{},"f":{},"b":{},"_coverageSchema":"332fd63041d2c1bcb487cc26dd0d5f7d97098a6c","hash":"a64a003dbbcd699569104f5b99dade35ba2c1542"}
,"/Users/wrlc/dev/playground/reactNative/goNative/desafio4/src/styles/metrics.js": {"path":"/Users/wrlc/dev/playground/reactNative/goNative/desafio4/src/styles/metrics.js","statementMap":{"0":{"start":{"line":3,"column":26},"end":{"line":3,"column":50}}},"fnMap":{},"branchMap":{"0":{"loc":{"start":{"line":11,"column":15},"end":{"line":11,"column":46}},"type":"cond-expr","locations":[{"start":{"line":11,"column":32},"end":{"line":11,"column":37}},{"start":{"line":11,"column":40},"end":{"line":11,"column":46}}],"line":11},"1":{"loc":{"start":{"line":12,"column":16},"end":{"line":12,"column":47}},"type":"cond-expr","locations":[{"start":{"line":12,"column":33},"end":{"line":12,"column":39}},{"start":{"line":12,"column":42},"end":{"line":12,"column":47}}],"line":12}},"s":{"0":6},"f":{},"b":{"0":[6,0],"1":[6,0]},"_coverageSchema":"332fd63041d2c1bcb487cc26dd0d5f7d97098a6c","hash":"6b3231c658d3eadc2bc019e34d6ed6530bcc3c5a"}
}
