TN:
SF:/Users/wrlc/dev/playground/reactNative/goNative/desafio4/__tests__/setup.js
FNF:0
FNH:0
DA:4,12
LF:1
LH:1
BRF:0
BRH:0
end_of_record
TN:
SF:/Users/wrlc/dev/playground/reactNative/goNative/desafio4/src/pages/cart/index.js
FN:14,(anonymous_0)
FN:28,(anonymous_1)
FN:37,(anonymous_2)
FN:38,(anonymous_3)
FN:51,(anonymous_4)
FN:53,(anonymous_5)
FNF:6
FNH:5
FNDA:0,(anonymous_0)
FNDA:6,(anonymous_1)
FNDA:1,(anonymous_2)
FNDA:1,(anonymous_3)
FNDA:2,(anonymous_4)
FNDA:4,(anonymous_5)
DA:14,0
DA:29,6
DA:31,6
DA:37,1
DA:38,1
DA:51,2
DA:53,4
LF:7
LH:6
BRF:0
BRH:0
end_of_record
TN:
SF:/Users/wrlc/dev/playground/reactNative/goNative/desafio4/src/pages/cart/styles.js
FNF:0
FNH:0
DA:4,1
LF:1
LH:1
BRF:0
BRH:0
end_of_record
TN:
SF:/Users/wrlc/dev/playground/reactNative/goNative/desafio4/src/pages/cart/components/CartItem/index.js
FN:28,(anonymous_0)
FN:32,(anonymous_1)
FN:44,(anonymous_2)
FN:57,(anonymous_3)
FN:60,(anonymous_4)
FN:69,(anonymous_5)
FNF:6
FNH:6
FNDA:11,(anonymous_0)
FNDA:2,(anonymous_1)
FNDA:13,(anonymous_2)
FNDA:2,(anonymous_3)
FNDA:1,(anonymous_4)
FNDA:5,(anonymous_5)
DA:29,11
DA:33,2
DA:35,2
DA:36,1
DA:37,1
DA:39,1
DA:40,1
DA:45,13
DA:46,13
DA:57,2
DA:60,1
DA:69,2
DA:70,5
LF:13
LH:13
BRDA:35,0,0,1
BRDA:35,0,1,1
BRDA:35,1,0,2
BRDA:35,1,1,1
BRF:4
BRH:4
end_of_record
TN:
SF:/Users/wrlc/dev/playground/reactNative/goNative/desafio4/src/pages/cart/components/CartItem/styles.js
FNF:0
FNH:0
DA:4,2
LF:1
LH:1
BRF:0
BRH:0
end_of_record
TN:
SF:/Users/wrlc/dev/playground/reactNative/goNative/desafio4/src/pages/home/index.js
FN:19,(anonymous_0)
FN:52,(anonymous_1)
FN:56,(anonymous_2)
FN:61,(anonymous_3)
FN:77,(anonymous_4)
FN:78,(anonymous_5)
FN:89,(anonymous_6)
FN:90,(anonymous_7)
FN:100,(anonymous_8)
FN:105,(anonymous_9)
FNF:10
FNH:7
FNDA:0,(anonymous_0)
FNDA:11,(anonymous_1)
FNDA:1,(anonymous_2)
FNDA:11,(anonymous_3)
FNDA:1,(anonymous_4)
FNDA:0,(anonymous_5)
FNDA:1,(anonymous_6)
FNDA:0,(anonymous_7)
FNDA:3,(anonymous_8)
FNDA:3,(anonymous_9)
DA:19,0
DA:53,11
DA:57,1
DA:58,1
DA:62,11
DA:63,11
DA:65,11
DA:77,1
DA:78,0
DA:89,1
DA:90,0
DA:100,3
DA:105,1
DA:106,3
LF:14
LH:11
BRDA:68,0,0,3
BRDA:68,0,1,8
BRDA:83,1,0,3
BRDA:83,1,1,8
BRF:4
BRH:4
end_of_record
TN:
SF:/Users/wrlc/dev/playground/reactNative/goNative/desafio4/src/pages/home/styles.js
FNF:0
FNH:0
DA:4,1
LF:1
LH:1
BRF:0
BRH:0
end_of_record
TN:
SF:/Users/wrlc/dev/playground/reactNative/goNative/desafio4/src/pages/home/components/CategoryItems/index.js
FN:7,(anonymous_0)
FN:9,(anonymous_1)
FNF:2
FNH:2
FNDA:2,(anonymous_0)
FNDA:1,(anonymous_1)
DA:7,2
DA:8,2
DA:9,1
DA:19,2
LF:4
LH:4
BRDA:10,0,0,2
BRDA:10,0,1,0
BRDA:13,1,0,2
BRDA:13,1,1,0
BRF:4
BRH:2
end_of_record
TN:
SF:/Users/wrlc/dev/playground/reactNative/goNative/desafio4/src/pages/home/components/CategoryItems/styles.js
FNF:0
FNH:0
DA:4,2
LF:1
LH:1
BRF:0
BRH:0
end_of_record
TN:
SF:/Users/wrlc/dev/playground/reactNative/goNative/desafio4/src/pages/home/components/ProductItem/index.js
FN:7,(anonymous_0)
FN:8,(anonymous_1)
FNF:2
FNH:2
FNDA:2,(anonymous_0)
FNDA:1,(anonymous_1)
DA:7,2
DA:8,2
DA:18,2
LF:3
LH:3
BRF:0
BRH:0
end_of_record
TN:
SF:/Users/wrlc/dev/playground/reactNative/goNative/desafio4/src/pages/home/components/ProductItem/styles.js
FNF:0
FNH:0
DA:4,2
LF:1
LH:1
BRF:0
BRH:0
end_of_record
TN:
SF:/Users/wrlc/dev/playground/reactNative/goNative/desafio4/src/pages/productDetail/index.js
FN:35,(anonymous_0)
FN:38,(anonymous_1)
FN:43,(anonymous_2)
FN:60,(anonymous_3)
FN:71,(anonymous_4)
FN:75,(anonymous_5)
FNF:6
FNH:5
FNDA:0,(anonymous_0)
FNDA:1,(anonymous_1)
FNDA:8,(anonymous_2)
FNDA:1,(anonymous_3)
FNDA:3,(anonymous_4)
FNDA:3,(anonymous_5)
DA:35,0
DA:39,1
DA:40,1
DA:44,8
DA:45,8
DA:60,1
DA:71,3
DA:75,1
DA:76,3
LF:9
LH:8
BRF:0
BRH:0
end_of_record
TN:
SF:/Users/wrlc/dev/playground/reactNative/goNative/desafio4/src/pages/productDetail/styles.js
FNF:0
FNH:0
DA:4,1
LF:1
LH:1
BRF:0
BRH:0
end_of_record
TN:
SF:/Users/wrlc/dev/playground/reactNative/goNative/desafio4/src/services/api.js
FNF:0
FNH:0
DA:3,3
LF:1
LH:1
BRF:0
BRH:0
end_of_record
TN:
SF:/Users/wrlc/dev/playground/reactNative/goNative/desafio4/src/store/ducks/cart.js
FN:15,cart
FN:28,(anonymous_1)
FN:33,(anonymous_2)
FN:38,(anonymous_3)
FN:43,(anonymous_4)
FN:48,(anonymous_5)
FNF:6
FNH:6
FNDA:26,cart
FNDA:5,(anonymous_1)
FNDA:13,(anonymous_2)
FNDA:10,(anonymous_3)
FNDA:4,(anonymous_4)
FNDA:6,(anonymous_5)
DA:1,7
DA:9,7
DA:16,26
DA:18,5
DA:20,4
DA:22,17
DA:26,7
DA:28,5
DA:33,13
DA:38,10
DA:43,4
DA:48,6
LF:12
LH:12
BRDA:15,0,0,0
BRDA:15,1,0,0
BRDA:16,2,0,5
BRDA:16,2,1,4
BRDA:16,2,2,17
BRF:5
BRH:3
end_of_record
TN:
SF:/Users/wrlc/dev/playground/reactNative/goNative/desafio4/src/store/ducks/categories.js
FN:17,categories
FN:35,(anonymous_1)
FN:39,(anonymous_2)
FN:44,(anonymous_3)
FN:49,(anonymous_4)
FN:54,(anonymous_5)
FN:58,(anonymous_6)
FNF:7
FNH:7
FNDA:21,categories
FNDA:15,(anonymous_1)
FNDA:10,(anonymous_2)
FNDA:5,(anonymous_3)
FNDA:11,(anonymous_4)
FNDA:7,(anonymous_5)
FNDA:1,(anonymous_6)
DA:1,5
DA:10,5
DA:18,21
DA:20,3
DA:22,2
DA:24,2
DA:26,3
DA:28,1
DA:30,10
DA:34,5
DA:35,15
DA:39,10
DA:44,5
DA:49,11
DA:54,7
DA:58,1
LF:16
LH:16
BRDA:17,0,0,0
BRDA:17,1,0,0
BRDA:18,2,0,3
BRDA:18,2,1,2
BRDA:18,2,2,2
BRDA:18,2,3,3
BRDA:18,2,4,1
BRDA:18,2,5,10
BRF:8
BRH:6
end_of_record
TN:
SF:/Users/wrlc/dev/playground/reactNative/goNative/desafio4/src/store/ducks/products.js
FN:15,(anonymous_0)
FN:31,(anonymous_1)
FN:35,(anonymous_2)
FN:40,(anonymous_3)
FN:45,(anonymous_4)
FNF:5
FNH:5
FNDA:13,(anonymous_0)
FNDA:5,(anonymous_1)
FNDA:4,(anonymous_2)
FNDA:6,(anonymous_3)
FNDA:3,(anonymous_4)
DA:1,5
DA:8,5
DA:16,13
DA:18,3
DA:20,2
DA:22,2
DA:24,1
DA:26,5
DA:30,5
DA:31,5
DA:35,4
DA:40,6
DA:45,3
LF:13
LH:13
BRDA:15,0,0,0
BRDA:15,1,0,0
BRDA:16,2,0,3
BRDA:16,2,1,2
BRDA:16,2,2,2
BRDA:16,2,3,1
BRDA:16,2,4,5
BRF:7
BRH:5
end_of_record
TN:
SF:/Users/wrlc/dev/playground/reactNative/goNative/desafio4/src/store/sagas/cart.js
FN:5,addToCart
FN:7,(anonymous_1)
FN:8,(anonymous_2)
FN:21,removeFromCart
FN:23,(anonymous_4)
FN:24,(anonymous_5)
FN:31,updateQty
FN:33,(anonymous_7)
FN:34,(anonymous_8)
FNF:9
FNH:9
FNDA:3,addToCart
FNDA:3,(anonymous_1)
FNDA:2,(anonymous_2)
FNDA:2,removeFromCart
FNDA:2,(anonymous_4)
FNDA:2,(anonymous_5)
FNDA:2,updateQty
FNDA:2,(anonymous_7)
FNDA:2,(anonymous_8)
DA:6,3
DA:7,3
DA:8,3
DA:9,2
DA:10,1
DA:11,1
DA:13,1
DA:15,2
DA:17,1
DA:22,2
DA:23,2
DA:24,2
DA:25,1
DA:27,1
DA:32,2
DA:33,2
DA:34,2
DA:35,1
DA:36,1
DA:38,1
LF:20
LH:20
BRDA:8,0,0,3
BRDA:8,0,1,0
BRDA:9,1,0,1
BRDA:9,1,1,1
BRF:4
BRH:3
end_of_record
TN:
SF:/Users/wrlc/dev/playground/reactNative/goNative/desafio4/src/store/sagas/categories.js
FN:6,getCategories
FN:10,(anonymous_1)
FN:20,setCategory
FNF:3
FNH:3
FNDA:2,getCategories
FNDA:1,(anonymous_1)
FNDA:2,setCategory
DA:7,2
DA:8,2
DA:9,1
DA:10,1
DA:12,1
DA:13,1
DA:16,1
DA:21,2
LF:8
LH:8
BRDA:12,0,0,1
BRDA:12,0,1,0
BRDA:12,1,0,1
BRDA:12,1,1,0
BRDA:12,1,2,1
BRF:5
BRH:3
end_of_record
TN:
SF:/Users/wrlc/dev/playground/reactNative/goNative/desafio4/src/store/sagas/index.js
FN:10,rootSaga
FNF:1
FNH:1
FNDA:11,rootSaga
DA:11,11
LF:1
LH:1
BRF:0
BRH:0
end_of_record
TN:
SF:/Users/wrlc/dev/playground/reactNative/goNative/desafio4/src/store/sagas/products.js
FN:6,getProducts
FN:9,(anonymous_1)
FNF:2
FNH:2
FNDA:4,getProducts
FNDA:4,(anonymous_1)
DA:7,4
DA:8,4
DA:9,4
DA:10,2
DA:11,1
DA:13,3
LF:6
LH:6
BRF:0
BRH:0
end_of_record
TN:
SF:/Users/wrlc/dev/playground/reactNative/goNative/desafio4/src/styles/colors.js
FNF:0
FNH:0
LF:0
LH:0
BRF:0
BRH:0
end_of_record
TN:
SF:/Users/wrlc/dev/playground/reactNative/goNative/desafio4/src/styles/index.js
FNF:0
FNH:0
LF:0
LH:0
BRF:0
BRH:0
end_of_record
TN:
SF:/Users/wrlc/dev/playground/reactNative/goNative/desafio4/src/styles/metrics.js
FNF:0
FNH:0
DA:3,6
LF:1
LH:1
BRDA:11,0,0,6
BRDA:11,0,1,0
BRDA:12,1,0,6
BRDA:12,1,1,0
BRF:4
BRH:2
end_of_record
